{"/Users/abstract/Documents/Progetti/prima/recipies/src/api/mock/RecipeMock.ts": {"path":"/Users/abstract/Documents/Progetti/prima/recipies/src/api/mock/RecipeMock.ts","statementMap":{"0":{"start":{"line":3,"column":31},"end":{"line":57,"column":null}}},"fnMap":{},"branchMap":{},"s":{"0":1},"f":{},"b":{},"meta":{"lastBranch":0,"lastFunction":0,"lastStatement":1,"seen":{"s:3:31:57:Infinity":0}}}
,"/Users/abstract/Documents/Progetti/prima/recipies/src/components/Favorite/Favorite.tsx": {"path":"/Users/abstract/Documents/Progetti/prima/recipies/src/components/Favorite/Favorite.tsx","statementMap":{"0":{"start":{"line":9,"column":17},"end":{"line":64,"column":null}},"1":{"start":{"line":10,"column":17},"end":{"line":10,"column":null}},"2":{"start":{"line":11,"column":40},"end":{"line":11,"column":null}},"3":{"start":{"line":13,"column":16},"end":{"line":17,"column":null}},"4":{"start":{"line":14,"column":16},"end":{"line":14,"column":null}},"5":{"start":{"line":15,"column":4},"end":{"line":15,"column":null}},"6":{"start":{"line":16,"column":4},"end":{"line":16,"column":null}},"7":{"start":{"line":19,"column":19},"end":{"line":25,"column":null}},"8":{"start":{"line":20,"column":16},"end":{"line":22,"column":null}},"9":{"start":{"line":21,"column":24},"end":{"line":21,"column":null}},"10":{"start":{"line":23,"column":4},"end":{"line":23,"column":null}},"11":{"start":{"line":24,"column":4},"end":{"line":24,"column":null}},"12":{"start":{"line":27,"column":2},"end":{"line":45,"column":null}},"13":{"start":{"line":27,"column":35},"end":{"line":27,"column":46}},"14":{"start":{"line":28,"column":4},"end":{"line":43,"column":null}},"15":{"start":{"line":47,"column":2},"end":{"line":62,"column":null}}},"fnMap":{"0":{"name":"(anonymous_0)","decl":{"start":{"line":9,"column":17},"end":{"line":9,"column":18}},"loc":{"start":{"line":9,"column":36},"end":{"line":64,"column":null}},"line":9},"1":{"name":"(anonymous_1)","decl":{"start":{"line":13,"column":16},"end":{"line":13,"column":22}},"loc":{"start":{"line":13,"column":22},"end":{"line":17,"column":null}},"line":13},"2":{"name":"(anonymous_2)","decl":{"start":{"line":19,"column":19},"end":{"line":19,"column":25}},"loc":{"start":{"line":19,"column":25},"end":{"line":25,"column":null}},"line":19},"3":{"name":"(anonymous_3)","decl":{"start":{"line":21,"column":6},"end":{"line":21,"column":7}},"loc":{"start":{"line":21,"column":24},"end":{"line":21,"column":null}},"line":21},"4":{"name":"(anonymous_4)","decl":{"start":{"line":27,"column":25},"end":{"line":27,"column":26}},"loc":{"start":{"line":27,"column":35},"end":{"line":27,"column":46}},"line":27}},"branchMap":{"0":{"loc":{"start":{"line":11,"column":63},"end":{"line":11,"column":95}},"type":"cond-expr","locations":[{"start":{"line":11,"column":72},"end":{"line":11,"column":93}},{"start":{"line":11,"column":93},"end":{"line":11,"column":95}}],"line":11},"1":{"loc":{"start":{"line":27,"column":2},"end":{"line":45,"column":null}},"type":"if","locations":[{"start":{"line":27,"column":2},"end":{"line":45,"column":null}},{"start":{},"end":{}}],"line":27}},"s":{"0":1,"1":6,"2":6,"3":6,"4":1,"5":1,"6":1,"7":6,"8":1,"9":1,"10":1,"11":1,"12":6,"13":5,"14":3,"15":3},"f":{"0":6,"1":1,"2":1,"3":1,"4":5},"b":{"0":[5,1],"1":[3,3]},"meta":{"lastBranch":2,"lastFunction":5,"lastStatement":16,"seen":{"s:9:17:64:Infinity":0,"f:9:17:9:18":0,"s:10:17:10:Infinity":1,"s:11:40:11:Infinity":2,"b:11:72:11:93:11:93:11:95":0,"s:13:16:17:Infinity":3,"f:13:16:13:22":1,"s:14:16:14:Infinity":4,"s:15:4:15:Infinity":5,"s:16:4:16:Infinity":6,"s:19:19:25:Infinity":7,"f:19:19:19:25":2,"s:20:16:22:Infinity":8,"f:21:6:21:7":3,"s:21:24:21:Infinity":9,"s:23:4:23:Infinity":10,"s:24:4:24:Infinity":11,"b:27:2:45:Infinity:undefined:undefined:undefined:undefined":1,"s:27:2:45:Infinity":12,"f:27:25:27:26":4,"s:27:35:27:46":13,"s:28:4:43:Infinity":14,"s:47:2:62:Infinity":15}}}
,"/Users/abstract/Documents/Progetti/prima/recipies/src/components/Header/Header.tsx": {"path":"/Users/abstract/Documents/Progetti/prima/recipies/src/components/Header/Header.tsx","statementMap":{"0":{"start":{"line":6,"column":15},"end":{"line":23,"column":null}},"1":{"start":{"line":7,"column":8},"end":{"line":7,"column":null}},"2":{"start":{"line":9,"column":2},"end":{"line":21,"column":null}},"3":{"start":{"line":17,"column":31},"end":{"line":17,"column":45}}},"fnMap":{"0":{"name":"(anonymous_0)","decl":{"start":{"line":6,"column":15},"end":{"line":6,"column":21}},"loc":{"start":{"line":6,"column":21},"end":{"line":23,"column":null}},"line":6},"1":{"name":"(anonymous_1)","decl":{"start":{"line":17,"column":25},"end":{"line":17,"column":31}},"loc":{"start":{"line":17,"column":31},"end":{"line":17,"column":45}},"line":17}},"branchMap":{},"s":{"0":1,"1":3,"2":3,"3":1},"f":{"0":3,"1":1},"b":{},"meta":{"lastBranch":0,"lastFunction":2,"lastStatement":4,"seen":{"s:6:15:23:Infinity":0,"f:6:15:6:21":0,"s:7:8:7:Infinity":1,"s:9:2:21:Infinity":2,"f:17:25:17:31":1,"s:17:31:17:45":3}}}
,"/Users/abstract/Documents/Progetti/prima/recipies/src/components/IngredientsList/IngredientsList.tsx": {"path":"/Users/abstract/Documents/Progetti/prima/recipies/src/components/IngredientsList/IngredientsList.tsx","statementMap":{"0":{"start":{"line":13,"column":33},"end":{"line":30,"column":null}},"1":{"start":{"line":14,"column":2},"end":{"line":28,"column":null}},"2":{"start":{"line":21,"column":10},"end":{"line":25,"column":null}},"3":{"start":{"line":32,"column":24},"end":{"line":32,"column":null}}},"fnMap":{"0":{"name":"(anonymous_0)","decl":{"start":{"line":13,"column":33},"end":{"line":13,"column":34}},"loc":{"start":{"line":13,"column":73},"end":{"line":30,"column":null}},"line":13},"1":{"name":"(anonymous_1)","decl":{"start":{"line":20,"column":25},"end":{"line":20,"column":26}},"loc":{"start":{"line":21,"column":10},"end":{"line":25,"column":null}},"line":21}},"branchMap":{},"s":{"0":1,"1":2,"2":4,"3":1},"f":{"0":2,"1":4},"b":{},"meta":{"lastBranch":0,"lastFunction":2,"lastStatement":4,"seen":{"s:13:33:30:Infinity":0,"f:13:33:13:34":0,"s:14:2:28:Infinity":1,"f:20:25:20:26":1,"s:21:10:25:Infinity":2,"s:32:24:32:Infinity":3}}}
,"/Users/abstract/Documents/Progetti/prima/recipies/src/components/Modal/Modal.tsx": {"path":"/Users/abstract/Documents/Progetti/prima/recipies/src/components/Modal/Modal.tsx","statementMap":{"0":{"start":{"line":18,"column":14},"end":{"line":37,"column":null}},"1":{"start":{"line":19,"column":2},"end":{"line":35,"column":null}}},"fnMap":{"0":{"name":"(anonymous_0)","decl":{"start":{"line":18,"column":14},"end":{"line":18,"column":15}},"loc":{"start":{"line":18,"column":69},"end":{"line":37,"column":null}},"line":18}},"branchMap":{},"s":{"0":1,"1":3},"f":{"0":3},"b":{},"meta":{"lastBranch":0,"lastFunction":1,"lastStatement":2,"seen":{"s:18:14:37:Infinity":0,"f:18:14:18:15":0,"s:19:2:35:Infinity":1}}}
,"/Users/abstract/Documents/Progetti/prima/recipies/src/components/RecipeBox/RecipeBox.tsx": {"path":"/Users/abstract/Documents/Progetti/prima/recipies/src/components/RecipeBox/RecipeBox.tsx","statementMap":{"0":{"start":{"line":70,"column":18},"end":{"line":116,"column":null}},"1":{"start":{"line":71,"column":8},"end":{"line":71,"column":null}},"2":{"start":{"line":73,"column":18},"end":{"line":76,"column":null}},"3":{"start":{"line":74,"column":4},"end":{"line":74,"column":null}},"4":{"start":{"line":75,"column":4},"end":{"line":75,"column":null}},"5":{"start":{"line":78,"column":2},"end":{"line":114,"column":null}}},"fnMap":{"0":{"name":"(anonymous_0)","decl":{"start":{"line":70,"column":18},"end":{"line":70,"column":19}},"loc":{"start":{"line":70,"column":41},"end":{"line":116,"column":null}},"line":70},"1":{"name":"(anonymous_1)","decl":{"start":{"line":73,"column":18},"end":{"line":73,"column":24}},"loc":{"start":{"line":73,"column":24},"end":{"line":76,"column":null}},"line":73}},"branchMap":{},"s":{"0":1,"1":4,"2":4,"3":0,"4":0,"5":4},"f":{"0":4,"1":0},"b":{},"meta":{"lastBranch":0,"lastFunction":2,"lastStatement":6,"seen":{"s:70:18:116:Infinity":0,"f:70:18:70:19":0,"s:71:8:71:Infinity":1,"s:73:18:76:Infinity":2,"f:73:18:73:24":1,"s:74:4:74:Infinity":3,"s:75:4:75:Infinity":4,"s:78:2:114:Infinity":5}}}
,"/Users/abstract/Documents/Progetti/prima/recipies/src/components/Search/Search.tsx": {"path":"/Users/abstract/Documents/Progetti/prima/recipies/src/components/Search/Search.tsx","statementMap":{"0":{"start":{"line":14,"column":15},"end":{"line":103,"column":null}},"1":{"start":{"line":15,"column":38},"end":{"line":15,"column":null}},"2":{"start":{"line":16,"column":34},"end":{"line":16,"column":null}},"3":{"start":{"line":17,"column":28},"end":{"line":17,"column":null}},"4":{"start":{"line":18,"column":43},"end":{"line":22,"column":null}},"5":{"start":{"line":20,"column":13},"end":{"line":20,"column":null}},"6":{"start":{"line":23,"column":32},"end":{"line":23,"column":null}},"7":{"start":{"line":24,"column":18},"end":{"line":24,"column":null}},"8":{"start":{"line":25,"column":21},"end":{"line":25,"column":null}},"9":{"start":{"line":25,"column":27},"end":{"line":25,"column":null}},"10":{"start":{"line":27,"column":2},"end":{"line":29,"column":null}},"11":{"start":{"line":28,"column":4},"end":{"line":28,"column":null}},"12":{"start":{"line":31,"column":20},"end":{"line":40,"column":null}},"13":{"start":{"line":32,"column":4},"end":{"line":38,"column":null}},"14":{"start":{"line":33,"column":6},"end":{"line":36,"column":null}},"15":{"start":{"line":39,"column":4},"end":{"line":39,"column":null}},"16":{"start":{"line":42,"column":2},"end":{"line":101,"column":null}},"17":{"start":{"line":46,"column":10},"end":{"line":46,"column":null}},"18":{"start":{"line":47,"column":10},"end":{"line":50,"column":null}},"19":{"start":{"line":48,"column":12},"end":{"line":48,"column":null}},"20":{"start":{"line":49,"column":12},"end":{"line":49,"column":null}},"21":{"start":{"line":62,"column":16},"end":{"line":62,"column":null}},"22":{"start":{"line":63,"column":16},"end":{"line":63,"column":null}},"23":{"start":{"line":89,"column":10},"end":{"line":91,"column":null}}},"fnMap":{"0":{"name":"(anonymous_0)","decl":{"start":{"line":14,"column":15},"end":{"line":14,"column":21}},"loc":{"start":{"line":14,"column":21},"end":{"line":103,"column":null}},"line":14},"1":{"name":"(anonymous_1)","decl":{"start":{"line":20,"column":13},"end":{"line":20,"column":19}},"loc":{"start":{"line":20,"column":13},"end":{"line":20,"column":null}},"line":20},"2":{"name":"(anonymous_2)","decl":{"start":{"line":25,"column":21},"end":{"line":25,"column":27}},"loc":{"start":{"line":25,"column":27},"end":{"line":25,"column":null}},"line":25},"3":{"name":"(anonymous_3)","decl":{"start":{"line":27,"column":12},"end":{"line":27,"column":18}},"loc":{"start":{"line":27,"column":18},"end":{"line":29,"column":5}},"line":27},"4":{"name":"(anonymous_4)","decl":{"start":{"line":31,"column":20},"end":{"line":31,"column":26}},"loc":{"start":{"line":31,"column":26},"end":{"line":40,"column":null}},"line":31},"5":{"name":"(anonymous_5)","decl":{"start":{"line":45,"column":18},"end":{"line":45,"column":19}},"loc":{"start":{"line":45,"column":25},"end":{"line":51,"column":null}},"line":45},"6":{"name":"(anonymous_6)","decl":{"start":{"line":61,"column":24},"end":{"line":61,"column":25}},"loc":{"start":{"line":61,"column":31},"end":{"line":64,"column":null}},"line":61},"7":{"name":"(anonymous_7)","decl":{"start":{"line":88,"column":22},"end":{"line":88,"column":23}},"loc":{"start":{"line":89,"column":10},"end":{"line":91,"column":null}},"line":89}},"branchMap":{"0":{"loc":{"start":{"line":24,"column":18},"end":{"line":24,"column":null}},"type":"binary-expr","locations":[{"start":{"line":24,"column":18},"end":{"line":24,"column":33}},{"start":{"line":24,"column":33},"end":{"line":24,"column":null}}],"line":24},"1":{"loc":{"start":{"line":32,"column":4},"end":{"line":38,"column":null}},"type":"if","locations":[{"start":{"line":32,"column":4},"end":{"line":38,"column":null}},{"start":{},"end":{}}],"line":32},"2":{"loc":{"start":{"line":47,"column":10},"end":{"line":50,"column":null}},"type":"if","locations":[{"start":{"line":47,"column":10},"end":{"line":50,"column":null}},{"start":{},"end":{}}],"line":47},"3":{"loc":{"start":{"line":48,"column":38},"end":{"line":48,"column":55}},"type":"binary-expr","locations":[{"start":{"line":48,"column":38},"end":{"line":48,"column":52}},{"start":{"line":48,"column":52},"end":{"line":48,"column":55}}],"line":48},"4":{"loc":{"start":{"line":65,"column":21},"end":{"line":65,"column":null}},"type":"binary-expr","locations":[{"start":{"line":65,"column":21},"end":{"line":65,"column":35}},{"start":{"line":65,"column":35},"end":{"line":65,"column":null}}],"line":65},"5":{"loc":{"start":{"line":67,"column":21},"end":{"line":67,"column":null}},"type":"binary-expr","locations":[{"start":{"line":67,"column":21},"end":{"line":67,"column":32}},{"start":{"line":67,"column":32},"end":{"line":67,"column":null}}],"line":67},"6":{"loc":{"start":{"line":68,"column":26},"end":{"line":68,"column":null}},"type":"cond-expr","locations":[{"start":{"line":68,"column":51},"end":{"line":68,"column":64}},{"start":{"line":68,"column":64},"end":{"line":68,"column":null}}],"line":68},"7":{"loc":{"start":{"line":68,"column":26},"end":{"line":68,"column":51}},"type":"binary-expr","locations":[{"start":{"line":68,"column":26},"end":{"line":68,"column":37}},{"start":{"line":68,"column":37},"end":{"line":68,"column":51}}],"line":68}},"s":{"0":1,"1":7,"2":7,"3":7,"4":7,"5":0,"6":7,"7":7,"8":7,"9":0,"10":7,"11":4,"12":7,"13":6,"14":0,"15":6,"16":7,"17":1,"18":1,"19":0,"20":0,"21":1,"22":1,"23":2},"f":{"0":7,"1":0,"2":0,"3":4,"4":6,"5":1,"6":1,"7":2},"b":{"0":[7,6],"1":[0,6],"2":[0,1],"3":[0,0],"4":[7,2],"5":[7,2],"6":[2,5],"7":[7,2]},"meta":{"lastBranch":8,"lastFunction":8,"lastStatement":24,"seen":{"s:14:15:103:Infinity":0,"f:14:15:14:21":0,"s:15:38:15:Infinity":1,"s:16:34:16:Infinity":2,"s:17:28:17:Infinity":3,"s:18:43:22:Infinity":4,"f:20:13:20:19":1,"s:20:13:20:Infinity":5,"s:23:32:23:Infinity":6,"s:24:18:24:Infinity":7,"b:24:18:24:33:24:33:24:Infinity":0,"s:25:21:25:Infinity":8,"f:25:21:25:27":2,"s:25:27:25:Infinity":9,"s:27:2:29:Infinity":10,"f:27:12:27:18":3,"s:28:4:28:Infinity":11,"s:31:20:40:Infinity":12,"f:31:20:31:26":4,"b:32:4:38:Infinity:undefined:undefined:undefined:undefined":1,"s:32:4:38:Infinity":13,"s:33:6:36:Infinity":14,"s:39:4:39:Infinity":15,"s:42:2:101:Infinity":16,"f:45:18:45:19":5,"s:46:10:46:Infinity":17,"b:47:10:50:Infinity:undefined:undefined:undefined:undefined":2,"s:47:10:50:Infinity":18,"s:48:12:48:Infinity":19,"b:48:38:48:52:48:52:48:55":3,"s:49:12:49:Infinity":20,"f:61:24:61:25":6,"s:62:16:62:Infinity":21,"s:63:16:63:Infinity":22,"b:65:21:65:35:65:35:65:Infinity":4,"b:67:21:67:32:67:32:67:Infinity":5,"b:68:51:68:64:68:64:68:Infinity":6,"b:68:26:68:37:68:37:68:51":7,"f:88:22:88:23":7,"s:89:10:91:Infinity":23}}}
,"/Users/abstract/Documents/Progetti/prima/recipies/src/pages/Home/Home.tsx": {"path":"/Users/abstract/Documents/Progetti/prima/recipies/src/pages/Home/Home.tsx","statementMap":{"0":{"start":{"line":5,"column":13},"end":{"line":14,"column":null}},"1":{"start":{"line":6,"column":2},"end":{"line":12,"column":null}}},"fnMap":{"0":{"name":"(anonymous_0)","decl":{"start":{"line":5,"column":13},"end":{"line":5,"column":19}},"loc":{"start":{"line":5,"column":19},"end":{"line":14,"column":null}},"line":5}},"branchMap":{},"s":{"0":1,"1":3},"f":{"0":3},"b":{},"meta":{"lastBranch":0,"lastFunction":1,"lastStatement":2,"seen":{"s:5:13:14:Infinity":0,"f:5:13:5:19":0,"s:6:2:12:Infinity":1}}}
}
